<?xml version="1.0" encoding="UTF-8"?>
<testng-results ignored="0" total="1" passed="1" failed="0" skipped="0">
  <reporter-output>
    <line>
      <![CDATA[browser is launched]]>
    </line>
    <line>
      <![CDATA[Website is opened]]>
    </line>
    <line>
      <![CDATA[Login successfully]]>
    </line>
    <line>
      <![CDATA[Loggedout successfully]]>
    </line>
    <line>
      <![CDATA[Browser closed]]>
    </line>
  </reporter-output>
  <suite started-at="2020-06-16T21:39:10 IST" name="Default suite" finished-at="2020-06-16T21:40:07 IST" duration-ms="56692">
    <groups>
    </groups>
    <test started-at="2020-06-16T21:39:10 IST" name="Default test" finished-at="2020-06-16T21:40:07 IST" duration-ms="56692">
      <class name="com.SastaSundar.Ts1">
        <test-method is-config="true" signature="configBC()[pri:0, instance:com.SastaSundar.Ts1@5bfa9431]" started-at="2020-06-16T21:39:10 IST" name="configBC" finished-at="2020-06-16T21:39:46 IST" duration-ms="35794" status="PASS">
          <reporter-output>
            <line>
              <![CDATA[browser is launched]]>
            </line>
            <line>
              <![CDATA[Website is opened]]>
            </line>
          </reporter-output>
        </test-method> <!-- configBC -->
        <test-method is-config="true" signature="configBM()[pri:0, instance:com.SastaSundar.Ts1@5bfa9431]" started-at="2020-06-16T21:39:46 IST" name="configBM" finished-at="2020-06-16T21:39:58 IST" duration-ms="12397" status="PASS">
          <reporter-output>
            <line>
              <![CDATA[Login successfully]]>
            </line>
          </reporter-output>
        </test-method> <!-- configBM -->
        <test-method signature="test()[pri:0, instance:com.SastaSundar.Ts1@5bfa9431]" started-at="2020-06-16T21:39:58 IST" name="test" finished-at="2020-06-16T21:40:04 IST" duration-ms="5192" status="PASS">
          <reporter-output>
          </reporter-output>
        </test-method> <!-- test -->
        <test-method is-config="true" signature="configAM()[pri:0, instance:com.SastaSundar.Ts1@5bfa9431]" started-at="2020-06-16T21:40:04 IST" name="configAM" finished-at="2020-06-16T21:40:04 IST" duration-ms="359" status="PASS">
          <reporter-output>
            <line>
              <![CDATA[Loggedout successfully]]>
            </line>
          </reporter-output>
        </test-method> <!-- configAM -->
        <test-method is-config="true" signature="cnfigAC()[pri:0, instance:com.SastaSundar.Ts1@5bfa9431]" started-at="2020-06-16T21:40:04 IST" name="cnfigAC" finished-at="2020-06-16T21:40:07 IST" duration-ms="2785" status="PASS">
          <reporter-output>
            <line>
              <![CDATA[Browser closed]]>
            </line>
          </reporter-output>
        </test-method> <!-- cnfigAC -->
      </class> <!-- com.SastaSundar.Ts1 -->
    </test> <!-- Default test -->
  </suite> <!-- Default suite -->
</testng-results>
