<?xml version="1.0" encoding="UTF-8"?>
<!-- Generated by org.testng.reporters.JUnitXMLReporter -->
<testsuite ignored="0" hostname="LAPTOP-N34GTUSU" failures="0" tests="15" name="Test" time="687.723" errors="0" timestamp="2020-06-18T20:47:06 IST">
  <testcase classname="com.SastaSundar.TestScripts.SymptomsChekerBodyPartFemaleTest" name="bodyPartFemaleTest" time="33.491"/>
  <testcase classname="com.SastaSundar.TestScripts.SymptomsChekerBodyPartMaleTest" name="bodyPartMaleTest" time="29.844"/>
  <testcase classname="com.SastaSundar.TestScripts.SymptomsChekerInternalOrgansFemaleTest" name="internalOrgansFemaleTest" time="43.297"/>
  <testcase classname="com.SastaSundar.TestScripts.SymptomsChekerInternalOrgansMaleDeleteLTTest" name="internalOrgansMaleLabtestTest" time="30.123"/>
  <testcase classname="com.SastaSundar.TestScripts.SymptomsChekerBodyPartFemaleDeleteLabTTest" name="bodyPartFemaleTest" time="34.797"/>
  <testcase classname="com.SastaSundar.TestScripts.SymptomsChekerInternalOrgansFemaleDeleteLTTest" name="internalOrgansFemaleDeleteLabTTest" time="40.857"/>
  <testcase classname="com.SastaSundar.TestScripts.OrderMedicine_DeleteMedicineTest" name="deleteMedicineFromCartTest" time="12.161"/>
  <testcase classname="com.SastaSundar.TestScripts.ShopByCategory1AddToCartTest" name="AddProductToCartTest" time="21.521"/>
  <testcase classname="com.SastaSundar.TestScripts.OrderMedicine_AddToCartTest" name="addToCartMedicineTest" time="12.074"/>
  <testcase classname="com.SastaSundar.TestScripts.ShopByCategory2AddToCartTest" name="addToCart" time="15.297"/>
  <testcase classname="com.SastaSundar.TestScripts.ShopByCategoryRemoveFromCartByMouseHoverTest" name="removeFromCartTest" time="20.706"/>
  <testcase classname="com.SastaSundar.TestScripts.SymptomsChekerBodyPartMaleDeleteLabTTest" name="bodyPartMaleDeleteLabTest" time="32.5"/>
  <testcase classname="com.SastaSundar.TestScripts.SymptomsChekerInternalOrgansMaleTest" name="internalOrgansFemaleTest" time="34.514"/>
  <testcase classname="com.SastaSundar.TestScripts.OrderMedicine_DeleteFromCartTest" name="deleteMedicineFromCartTest" time="15.906"/>
  <testcase classname="com.SastaSundar.TestScripts.ShopByCategoryRemoveFromCartTest" name="AddProductToCartTest" time="21.662"/>
</testsuite> <!-- Test -->
