<?xml version="1.0" encoding="UTF-8"?>
<testng-results ignored="0" total="1" passed="1" failed="0" skipped="0">
  <reporter-output>
    <line>
      <![CDATA[browser is launched]]>
    </line>
    <line>
      <![CDATA[Website is opened]]>
    </line>
    <line>
      <![CDATA[Login successfully]]>
    </line>
    <line>
      <![CDATA[clicked on Dietclinic link]]>
    </line>
    <line>
      <![CDATA[clicked on health article link]]>
    </line>
    <line>
      <![CDATA[clicked on symptom checker link]]>
    </line>
    <line>
      <![CDATA[clicked on Finger part]]>
    </line>
    <line>
      <![CDATA[clicked on symptom Swelling]]>
    </line>
    <line>
      <![CDATA[clicked on Show Disease Button]]>
    </line>
    <line>
      <![CDATA[clicked on Disease link]]>
    </line>
    <line>
      <![CDATA[clicked on Read more button]]>
    </line>
    <line>
      <![CDATA[clicked on pdf icon to download]]>
    </line>
    <line>
      <![CDATA[clicked on close popup icon]]>
    </line>
    <line>
      <![CDATA[Loggedout successfully]]>
    </line>
    <line>
      <![CDATA[Browser closed]]>
    </line>
  </reporter-output>
  <suite started-at="2020-07-01T01:47:26 IST" name="Default suite" finished-at="2020-07-01T01:48:34 IST" duration-ms="68276">
    <groups>
    </groups>
    <test started-at="2020-07-01T01:47:26 IST" name="Default test" finished-at="2020-07-01T01:48:34 IST" duration-ms="68276">
      <class name="com.Sasta.MaleBodySymptomArticleDownloadTest">
        <test-method is-config="true" signature="configBC()[pri:0, instance:com.Sasta.MaleBodySymptomArticleDownloadTest@38c5cc4c]" started-at="2020-07-01T01:47:26 IST" name="configBC" finished-at="2020-07-01T01:47:41 IST" duration-ms="14999" status="PASS">
          <reporter-output>
            <line>
              <![CDATA[browser is launched]]>
            </line>
            <line>
              <![CDATA[Website is opened]]>
            </line>
          </reporter-output>
        </test-method> <!-- configBC -->
        <test-method is-config="true" signature="configBM()[pri:0, instance:com.Sasta.MaleBodySymptomArticleDownloadTest@38c5cc4c]" started-at="2020-07-01T01:47:41 IST" name="configBM" finished-at="2020-07-01T01:47:50 IST" duration-ms="9344" status="PASS">
          <reporter-output>
            <line>
              <![CDATA[Login successfully]]>
            </line>
          </reporter-output>
        </test-method> <!-- configBM -->
        <test-method signature="ArticleDownloadTest()[pri:0, instance:com.Sasta.MaleBodySymptomArticleDownloadTest@38c5cc4c]" started-at="2020-07-01T01:47:50 IST" name="ArticleDownloadTest" finished-at="2020-07-01T01:48:32 IST" duration-ms="42168" status="PASS">
          <reporter-output>
            <line>
              <![CDATA[clicked on Dietclinic link]]>
            </line>
            <line>
              <![CDATA[clicked on health article link]]>
            </line>
            <line>
              <![CDATA[clicked on symptom checker link]]>
            </line>
            <line>
              <![CDATA[clicked on Finger part]]>
            </line>
            <line>
              <![CDATA[clicked on symptom Swelling]]>
            </line>
            <line>
              <![CDATA[clicked on Show Disease Button]]>
            </line>
            <line>
              <![CDATA[clicked on Disease link]]>
            </line>
            <line>
              <![CDATA[clicked on Read more button]]>
            </line>
            <line>
              <![CDATA[clicked on pdf icon to download]]>
            </line>
            <line>
              <![CDATA[clicked on close popup icon]]>
            </line>
          </reporter-output>
        </test-method> <!-- ArticleDownloadTest -->
        <test-method is-config="true" signature="configAM()[pri:0, instance:com.Sasta.MaleBodySymptomArticleDownloadTest@38c5cc4c]" started-at="2020-07-01T01:48:32 IST" name="configAM" finished-at="2020-07-01T01:48:33 IST" duration-ms="538" status="PASS">
          <reporter-output>
            <line>
              <![CDATA[Loggedout successfully]]>
            </line>
          </reporter-output>
        </test-method> <!-- configAM -->
        <test-method is-config="true" signature="cnfigAC()[pri:0, instance:com.Sasta.MaleBodySymptomArticleDownloadTest@38c5cc4c]" started-at="2020-07-01T01:48:33 IST" name="cnfigAC" finished-at="2020-07-01T01:48:34 IST" duration-ms="1151" status="PASS">
          <reporter-output>
            <line>
              <![CDATA[Browser closed]]>
            </line>
          </reporter-output>
        </test-method> <!-- cnfigAC -->
      </class> <!-- com.Sasta.MaleBodySymptomArticleDownloadTest -->
    </test> <!-- Default test -->
  </suite> <!-- Default suite -->
</testng-results>
