<?xml version="1.0" encoding="UTF-8"?>
<testng-results ignored="0" total="1" passed="1" failed="0" skipped="0">
  <reporter-output>
    <line>
      <![CDATA[browser is launched]]>
    </line>
    <line>
      <![CDATA[Website is opened]]>
    </line>
    <line>
      <![CDATA[Login successfully]]>
    </line>
    <line>
      <![CDATA[Loggedout successfully]]>
    </line>
    <line>
      <![CDATA[Browser closed]]>
    </line>
  </reporter-output>
  <suite started-at="2020-06-16T23:44:22 IST" name="Default suite" finished-at="2020-06-16T23:46:09 IST" duration-ms="106119">
    <groups>
    </groups>
    <test started-at="2020-06-16T23:44:22 IST" name="Default test" finished-at="2020-06-16T23:46:09 IST" duration-ms="106119">
      <class name="com.Sasta.Ts1">
        <test-method is-config="true" signature="configBC()[pri:0, instance:com.Sasta.Ts1@37918c79]" started-at="2020-06-16T23:44:23 IST" name="configBC" finished-at="2020-06-16T23:45:38 IST" duration-ms="75876" status="PASS">
          <reporter-output>
            <line>
              <![CDATA[browser is launched]]>
            </line>
            <line>
              <![CDATA[Website is opened]]>
            </line>
          </reporter-output>
        </test-method> <!-- configBC -->
        <test-method is-config="true" signature="configBM()[pri:0, instance:com.Sasta.Ts1@37918c79]" started-at="2020-06-16T23:45:39 IST" name="configBM" finished-at="2020-06-16T23:45:59 IST" duration-ms="19663" status="PASS">
          <reporter-output>
            <line>
              <![CDATA[Login successfully]]>
            </line>
          </reporter-output>
        </test-method> <!-- configBM -->
        <test-method signature="test()[pri:0, instance:com.Sasta.Ts1@37918c79]" started-at="2020-06-16T23:45:59 IST" name="test" finished-at="2020-06-16T23:46:04 IST" duration-ms="4996" status="PASS">
          <reporter-output>
          </reporter-output>
        </test-method> <!-- test -->
        <test-method is-config="true" signature="configAM()[pri:0, instance:com.Sasta.Ts1@37918c79]" started-at="2020-06-16T23:46:04 IST" name="configAM" finished-at="2020-06-16T23:46:04 IST" duration-ms="451" status="PASS">
          <reporter-output>
            <line>
              <![CDATA[Loggedout successfully]]>
            </line>
          </reporter-output>
        </test-method> <!-- configAM -->
        <test-method is-config="true" signature="cnfigAC()[pri:0, instance:com.Sasta.Ts1@37918c79]" started-at="2020-06-16T23:46:04 IST" name="cnfigAC" finished-at="2020-06-16T23:46:09 IST" duration-ms="4280" status="PASS">
          <reporter-output>
            <line>
              <![CDATA[Browser closed]]>
            </line>
          </reporter-output>
        </test-method> <!-- cnfigAC -->
      </class> <!-- com.Sasta.Ts1 -->
    </test> <!-- Default test -->
  </suite> <!-- Default suite -->
</testng-results>
